生成启动时间为 2024/8/3 17:56:51。
     1>项目“E:\VS2013\projects\goalkeeper01\goalkeeper01\goalkeeper01.vcxproj”在节点 2 上(Build 个目标)。
     1>ClCompile:
         E:\VS2013\VC\bin\CL.exe /c /IE:\VS2013\projects\goalkeeper01\goalkeeper01\worldmodel_lib /ZI /nologo /W3 /WX- /sdl /Od /Oy- /D WIN32 /D _DEBUG /D _WINDOWS /D _USRDLL /D GOALKEEPER01_EXPORTS /D _WINDLL /D _UNICODE /D UNICODE /Gm /EHsc /RTC1 /MDd /GS /fp:precise /Zc:wchar_t /Zc:forScope /Fo"Debug\\" /Fd"Debug\vc120.pdb" /Gd /TP /analyze- /errorReport:prompt "源.cpp"
         源.cpp
     1>e:\vs2013\projects\goalkeeper01\goalkeeper01\src\utils\vector.h(662): warning C4244: “参数”: 从“double”转换到“float”，可能丢失数据
     1>e:\vs2013\projects\goalkeeper01\goalkeeper01\src\utils\game_state.h(125): warning C4800: “const int”: 将值强制为布尔值“true”或“false”(性能警告)
     1>e:\vs2013\projects\goalkeeper01\goalkeeper01\src\utils\game_state.h(129): warning C4800: “const int”: 将值强制为布尔值“true”或“false”(性能警告)
     1>e:\vs2013\projects\goalkeeper01\goalkeeper01\src\utils\game_state.h(133): warning C4800: “const int”: 将值强制为布尔值“true”或“false”(性能警告)
     1>e:\vs2013\projects\goalkeeper01\goalkeeper01\src\utils\game_state.h(137): warning C4800: “const int”: 将值强制为布尔值“true”或“false”(性能警告)
     1>e:\vs2013\projects\goalkeeper01\goalkeeper01\src\utils\game_state.h(141): warning C4800: “const int”: 将值强制为布尔值“true”或“false”(性能警告)
     1>e:\vs2013\projects\goalkeeper01\goalkeeper01\源.cpp(9): warning C4190: “player_plan”有指定的 C 链接，但返回了与 C 不兼容的 UDT“PlayerTask”
                 e:\vs2013\projects\goalkeeper01\goalkeeper01\src\utils\playertask.h(30) : 参见“PlayerTask”的声明
     1>e:\vs2013\projects\goalkeeper01\goalkeeper01\源.cpp(86): warning C4244: “参数”: 从“const double”转换到“float”，可能丢失数据
     1>e:\vs2013\projects\goalkeeper01\goalkeeper01\源.cpp(87): warning C4244: “参数”: 从“const double”转换到“float”，可能丢失数据
     1>e:\vs2013\projects\goalkeeper01\goalkeeper01\源.cpp(88): warning C4244: “参数”: 从“const double”转换到“float”，可能丢失数据
     1>e:\vs2013\projects\goalkeeper01\goalkeeper01\源.cpp(89): warning C4244: “参数”: 从“const double”转换到“float”，可能丢失数据
     1>e:\vs2013\projects\goalkeeper01\goalkeeper01\源.cpp(90): warning C4244: “参数”: 从“const double”转换到“float”，可能丢失数据
       Link:
         E:\VS2013\VC\bin\link.exe /ERRORREPORT:PROMPT /OUT:"E:\VS2013\projects\goalkeeper01\Debug\goalkeeper01.dll" /INCREMENTAL /NOLOGO /LIBPATH:E:\VS2013\projects\goalkeeper01\goalkeeper01\worldmodel_lib worldmodel_lib.lib kernel32.lib user32.lib gdi32.lib winspool.lib comdlg32.lib advapi32.lib shell32.lib ole32.lib oleaut32.lib uuid.lib odbc32.lib odbccp32.lib /MANIFEST /MANIFESTUAC:"level='asInvoker' uiAccess='false'" /manifest:embed /DEBUG /PDB:"E:\VS2013\projects\goalkeeper01\Debug\goalkeeper01.pdb" /SUBSYSTEM:WINDOWS /TLBID:1 /DYNAMICBASE /NXCOMPAT /IMPLIB:"E:\VS2013\projects\goalkeeper01\Debug\goalkeeper01.lib" /MACHINE:X86 /DLL Debug\maths.obj
         "Debug\源.obj"
         goalkeeper01.vcxproj -> E:\VS2013\projects\goalkeeper01\Debug\goalkeeper01.dll
     1>已完成生成项目“E:\VS2013\projects\goalkeeper01\goalkeeper01\goalkeeper01.vcxproj”(Build 个目标)的操作。

生成成功。

已用时间 00:00:00.91
